Arguments: 
  D:\gongzuo\node\node.exe D:\gongzuo\node\node_modules\yarn\bin\yarn.js install

PATH: 
  "D:\gongzuo\JAVA\bin\bin;D:\gongzuo\JAVA\bin\jre\bin;";C:\WINDOWS\system32;C:\WINDOWS;C:\WINDOWS\System32\Wbem;C:\WINDOWS\System32\WindowsPowerShell\v1.0\;C:\Program Files\TortoiseSVN\bin;D:\gongzuo\phpstudy\php\php-5.4.45;C:\ProgramData\ComposerSetup\bin;D:\gongzuo\nvm;D:\gongzuo\node;C:\Users\qipia\AppData\Local\atom\bin;C:\Program Files\MySQL\MySQL Server 5.5\bin;D:\gongzuo\MYSQL\bin;C:\Program Files (x86)\Lua\5.1;C:\Program Files (x86)\Lua\5.1\clibs;D:\gongzuo\gcc\bin;D:\gongzuo\mongodb\bin;C:\WINDOWS\System32\OpenSSH\;D:\gongzuo\Git\cmd;D:\gongzuo\python\Scripts\;D:\gongzuo\python\;D:\gongzuo\ruby\Ruby23-x64\bin;C:\Users\qipia\AppData\Local\Microsoft\WindowsApps;D:\娱乐\sohu\搜狐影音\5.0.3.26;C:\Users\qipia\AppData\Roaming\Composer\vendor\bin;D:\gongzuo\erget\Egret Wing 3\bin;C:\Users\qipia\AppData\Roaming\npm;C:\Users\qipia\AppData\Local\Microsoft\WindowsApps;D:gongzuo\mongodb\bin;D:\gongzuo\JAVA\bin;D:\gongzuo\vscode\Microsoft VS Code\bin

Yarn version: 
  1.12.3

Node version: 
  10.0.0

Platform: 
  win32 x64

Trace: 
  Error: ENOENT: no such file or directory, copyfile 'C:\Users\qipia\AppData\Local\Yarn\Cache\v4\npm-inherits-2.0.1-b17d08d326b4423e568eff719f91b0b1cbdf69f1\node_modules\inherits\inherits.js' -> 'D:\project\webpack\node_modules\assert\node_modules\inherits\inherits.js'

npm manifest: 
  {
    "name": "webpack",
    "version": "1.0.0",
    "description": "测试webpack",
    "main": "index.js",
    "scripts": {
      "test": "webpack"
    },
    "keywords": [
      "webpack"
    ],
    "author": "xm <qipiaoyang@outlook.com>",
    "license": "ISC",
    "dependencies": {
      "webpack": "^4.21.0",
      "webpack-cli": "^3.1.2"
    }
  }

yarn manifest: 
  No manifest

Lockfile: 
  No lockfile
